DEBUG 2016-06-28 11:52:55,805: 	 Executing command: 'checkwrite'
DEBUG 2016-06-28 11:52:55,805: 	 Found CRAB cache file /afs/cern.ch/user/l/lkang/.crab3
DEBUG 2016-06-28 11:52:55,842: 	 Checking credentials
DEBUG 2016-06-28 11:52:55,843: 	 Proxy file /tmp/x509up_u93955 not found
DEBUG 2016-06-28 11:52:55,843: 	 Creating new proxy for 24:00 hours with VO group '' and VO role 'NULL'.
DEBUG 2016-06-28 11:53:14,432: 	 Executing : 
 command : voms-proxy-init -voms cms:/cms -valid 24:00 -rfc
 output : None
 error: None
 retcode : 0
DEBUG 2016-06-28 11:53:15,038: 	 Executing : 
 command : voms-proxy-info -file /tmp/x509up_u93955 -timeleft
 output : 86397

 error: 
 retcode : 0
DEBUG 2016-06-28 11:53:15,744: 	 Executing : 
 command : voms-proxy-info -file /tmp/x509up_u93955 -actimeleft
 output : 86397

 error: 
 retcode : 0
DEBUG 2016-06-28 11:53:16,249: 	 Executing : 
 command : env X509_USER_PROXY=/tmp/x509up_u93955 voms-proxy-info -fqan
 output : /cms/Role=NULL/Capability=NULL
/cms/uscms/Role=NULL/Capability=NULL

 error: 
 retcode : 0
DEBUG 2016-06-28 11:53:16,249: 	 Proxy created.
DEBUG 2016-06-28 11:53:16,363: 	 Executing : 
 command : openssl x509 -in ~/.globus/usercert.pem -subject -noout
 output : subject= /DC=ch/DC=cern/OU=Organic Units/OU=Users/CN=lkang/CN=803706/CN=Lucas Kang

 error: 
 retcode : 0
DEBUG 2016-06-28 11:53:16,363: 	 Checking credentials
DEBUG 2016-06-28 11:53:16,364: 	 Found proxy file /tmp/x509up_u93955
DEBUG 2016-06-28 11:53:16,364: 	 Getting proxy life time left
DEBUG 2016-06-28 11:53:16,969: 	 Executing : 
 command : voms-proxy-info -file /tmp/x509up_u93955 -timeleft
 output : 86396

 error: 
 retcode : 0
DEBUG 2016-06-28 11:53:17,477: 	 Executing : 
 command : voms-proxy-info -file /tmp/x509up_u93955 -actimeleft
 output : 86395

 error: 
 retcode : 0
DEBUG 2016-06-28 11:53:17,477: 	 Proxy valid for 23:59:56 hours
DEBUG 2016-06-28 11:53:18,082: 	 Executing : 
 command : env X509_USER_PROXY=/tmp/x509up_u93955 voms-proxy-info -fqan
 output : /cms/Role=NULL/Capability=NULL
/cms/uscms/Role=NULL/Capability=NULL

 error: 
 retcode : 0
DEBUG 2016-06-28 11:53:18,083: 	 Command use: checkwrite
DEBUG 2016-06-28 11:53:18,083: 	 Options use: ['--site=T3_US_FNALLPC']
DEBUG 2016-06-28 11:53:18,083: 	 Instance is None
DEBUG 2016-06-28 11:53:18,083: 	 Server base url is None
DEBUG 2016-06-28 11:53:18,114: 	 Service initialised ({'endpoint': 'https://cmsweb.cern.ch/phedex/datasvc/json/prod/', 'key': '/tmp/x509up_u93955', 'maxcachereuse': 24.0, 'cachepath': '/tmp/lkang/.wmcore_cache_drQRg0/cmsweb.cern.ch', 'inputdata': {}, 'cert': '/tmp/x509up_u93955', 'timeout': 300, 'service_name': 'PhEDEx', 'requests': {'content_type': 'application/x-www-form-urlencoded', 'cacheduration': 0, 'host': 'https://cmsweb.cern.ch/phedex/datasvc/json/prod/', 'accept_type': 'text/html', 'key': '/tmp/x509up_u93955', 'deleteCacheOnExit': <WMCore.Services.Requests.TempDirectory instance at 0x7f8de827ec20>, 'endpoint_components': ParseResult(scheme='https', netloc='cmsweb.cern.ch', path='/phedex/datasvc/json/prod/', params='', query='', fragment=''), 'endpoint': 'https://cmsweb.cern.ch/phedex/datasvc/json/prod/', 'pycurl': True, 'cachepath': '/tmp/lkang/.wmcore_cache_drQRg0/cmsweb.cern.ch', 'cert': '/tmp/x509up_u93955', 'timeout': 300, 'req_cache_path': '/tmp/lkang/.wmcore_cache_drQRg0/cmsweb.cern.ch/.cache', 'logger': <logging.Logger object at 0x7f8de8277210>}, 'logger': <logging.Logger object at 0x7f8de8277210>, 'cacheduration': 0, 'method': None, 'pycurl': True}):
	 host: cmsweb.cern.ch, basepath: https://cmsweb.cern.ch/phedex/datasvc/json/prod/ (text/html)
	 cache: /tmp/lkang/.wmcore_cache_drQRg0/cmsweb.cern.ch (duration 0 hours, max reuse 24.0 hours)
INFO 2016-06-28 11:53:18,114: 	 Will check write permission in the default location /store/user/<username>
INFO 2016-06-28 11:53:18,114: 	 Retrieving DN from proxy...
INFO 2016-06-28 11:53:19,695: 	 DN is: /DC=ch/DC=cern/OU=Organic Units/OU=Users/CN=lkang/CN=803706/CN=Lucas Kang
INFO 2016-06-28 11:53:19,695: 	 Retrieving username from SiteDB...
INFO 2016-06-28 11:53:22,204: 	 Username is: lkang
INFO 2016-06-28 11:53:22,204: 	 Validating LFN /store/user/lkang...
INFO 2016-06-28 11:53:22,204: 	 LFN /store/user/lkang is valid.
INFO 2016-06-28 11:53:22,217: 	 Will use `gfal-copy`, `gfal-rm` commands for checking write permissions
INFO 2016-06-28 11:53:22,217: 	 Will check write permission in /store/user/lkang on site T3_US_FNALLPC
DEBUG 2016-06-28 11:53:22,220: 	 getData: 
	url: lfn2pfn
	data: {'node': ['T3_US_FNALLPC'], 'custodial': 'n', 'lfn': ['/store/user/lkang/crab3checkwrite_20160628_115322/crab3checkwrite_20160628_115322.tmp'], 'protocol': 'srmv2'}
INFO 2016-06-28 11:53:22,521: 	 
Attempting to create (dummy) directory crab3checkwrite_20160628_115322 and copy (dummy) file crab3checkwrite_20160628_115322.tmp to /store/user/lkang

INFO 2016-06-28 11:53:22,524: 	 Executing command: env -i X509_USER_PROXY=/tmp/x509up_u93955 gfal-copy -p -v -t 180 file:///afs/cern.ch/user/l/lkang/diphoton/rate_tests/CMSSW_8_0_11/src/crab3checkwrite_20160628_115322.tmp 'srm://cmseos.fnal.gov:8443/srm/v2/server?SFN=/eos/uscms/store/user/lkang/crab3checkwrite_20160628_115322/crab3checkwrite_20160628_115322.tmp'
INFO 2016-06-28 11:53:22,524: 	 Please wait...
INFO 2016-06-28 11:53:26,375: 	 
Successfully created directory crab3checkwrite_20160628_115322 and copied file crab3checkwrite_20160628_115322.tmp to /store/user/lkang
INFO 2016-06-28 11:53:26,375: 	 
Attempting to delete file srm://cmseos.fnal.gov:8443/srm/v2/server?SFN=/eos/uscms/store/user/lkang/crab3checkwrite_20160628_115322/crab3checkwrite_20160628_115322.tmp

INFO 2016-06-28 11:53:26,375: 	 Executing command: env -i X509_USER_PROXY=/tmp/x509up_u93955 gfal-rm -v -t 180 'srm://cmseos.fnal.gov:8443/srm/v2/server?SFN=/eos/uscms/store/user/lkang/crab3checkwrite_20160628_115322/crab3checkwrite_20160628_115322.tmp'
INFO 2016-06-28 11:53:26,375: 	 Please wait...
INFO 2016-06-28 11:53:27,193: 	 
Successfully deleted file srm://cmseos.fnal.gov:8443/srm/v2/server?SFN=/eos/uscms/store/user/lkang/crab3checkwrite_20160628_115322/crab3checkwrite_20160628_115322.tmp
INFO 2016-06-28 11:53:27,194: 	 
Attempting to delete directory srm://cmseos.fnal.gov:8443/srm/v2/server?SFN=/eos/uscms/store/user/lkang/crab3checkwrite_20160628_115322/

INFO 2016-06-28 11:53:27,194: 	 Executing command: env -i X509_USER_PROXY=/tmp/x509up_u93955 gfal-rm -r -v -t 180 'srm://cmseos.fnal.gov:8443/srm/v2/server?SFN=/eos/uscms/store/user/lkang/crab3checkwrite_20160628_115322/'
INFO 2016-06-28 11:53:27,194: 	 Please wait...
INFO 2016-06-28 11:53:28,456: 	 
Successfully deleted directory srm://cmseos.fnal.gov:8443/srm/v2/server?SFN=/eos/uscms/store/user/lkang/crab3checkwrite_20160628_115322/
INFO 2016-06-28 11:53:28,530: 	 
Checkwrite Result:
INFO 2016-06-28 11:53:28,530: 	 Success: Able to write in /store/user/lkang on site T3_US_FNALLPC
